::1 - - [25/Sep/2020:11:35:31 +0000] "OPTIONS /users/deleteProject?projectId=5f6dd5d608a1b92750179879&teamId=5f6dd5cd08a1b92750179878 HTTP/1.1" 200 6 "http://localhost:3000/" "Mozilla/5.0 (Windows NT 10.0; Win64; x64) AppleWebKit/537.36 (KHTML, like Gecko) Chrome/85.0.4183.121 Safari/537.36"
::1 - - [25/Sep/2020:11:35:34 +0000] "DELETE /users/deleteProject?projectId=5f6dd5d608a1b92750179879&teamId=5f6dd5cd08a1b92750179878 HTTP/1.1" 200 42 "http://localhost:3000/" "Mozilla/5.0 (Windows NT 10.0; Win64; x64) AppleWebKit/537.36 (KHTML, like Gecko) Chrome/85.0.4183.121 Safari/537.36"
::1 - - [25/Sep/2020:11:35:34 +0000] "OPTIONS /teams/getTeam/5f6dd5cd08a1b92750179878 HTTP/1.1" 200 8 "http://localhost:3000/" "Mozilla/5.0 (Windows NT 10.0; Win64; x64) AppleWebKit/537.36 (KHTML, like Gecko) Chrome/85.0.4183.121 Safari/537.36"
::1 - - [25/Sep/2020:11:35:34 +0000] "OPTIONS /teams/teamNotifications/5f6dd5cd08a1b92750179878?page=1 HTTP/1.1" 200 8 "http://localhost:3000/" "Mozilla/5.0 (Windows NT 10.0; Win64; x64) AppleWebKit/537.36 (KHTML, like Gecko) Chrome/85.0.4183.121 Safari/537.36"
::1 - - [25/Sep/2020:11:35:34 +0000] "GET /teams/teamNotifications/5f6dd5cd08a1b92750179878?page=1 HTTP/1.1" 200 20 "http://localhost:3000/" "Mozilla/5.0 (Windows NT 10.0; Win64; x64) AppleWebKit/537.36 (KHTML, like Gecko) Chrome/85.0.4183.121 Safari/537.36"
::1 - - [25/Sep/2020:11:35:34 +0000] "GET /teams/getTeam/5f6dd5cd08a1b92750179878 HTTP/1.1" 200 493 "http://localhost:3000/" "Mozilla/5.0 (Windows NT 10.0; Win64; x64) AppleWebKit/537.36 (KHTML, like Gecko) Chrome/85.0.4183.121 Safari/537.36"
::1 - - [25/Sep/2020:11:35:37 +0000] "OPTIONS /users/userTeams?forTeamSelecting=false HTTP/1.1" 200 8 "http://localhost:3000/" "Mozilla/5.0 (Windows NT 10.0; Win64; x64) AppleWebKit/537.36 (KHTML, like Gecko) Chrome/85.0.4183.121 Safari/537.36"
::1 - - [25/Sep/2020:11:35:37 +0000] "GET /users/userTeams?forTeamSelecting=false HTTP/1.1" 200 497 "http://localhost:3000/" "Mozilla/5.0 (Windows NT 10.0; Win64; x64) AppleWebKit/537.36 (KHTML, like Gecko) Chrome/85.0.4183.121 Safari/537.36"
::1 - - [25/Sep/2020:11:35:42 +0000] "OPTIONS /teams/deleteTeam/5f66c4a1e19c8a0017771c57 HTTP/1.1" 200 6 "http://localhost:3000/" "Mozilla/5.0 (Windows NT 10.0; Win64; x64) AppleWebKit/537.36 (KHTML, like Gecko) Chrome/85.0.4183.121 Safari/537.36"
::1 - - [25/Sep/2020:11:35:42 +0000] "DELETE /teams/deleteTeam/5f66c4a1e19c8a0017771c57 HTTP/1.1" 200 39 "http://localhost:3000/" "Mozilla/5.0 (Windows NT 10.0; Win64; x64) AppleWebKit/537.36 (KHTML, like Gecko) Chrome/85.0.4183.121 Safari/537.36"
::1 - - [25/Sep/2020:11:35:42 +0000] "OPTIONS /users/userTeams?forTeamSelecting=false HTTP/1.1" 200 8 "http://localhost:3000/" "Mozilla/5.0 (Windows NT 10.0; Win64; x64) AppleWebKit/537.36 (KHTML, like Gecko) Chrome/85.0.4183.121 Safari/537.36"
::1 - - [25/Sep/2020:11:35:42 +0000] "GET /users/userTeams?forTeamSelecting=false HTTP/1.1" 200 199 "http://localhost:3000/" "Mozilla/5.0 (Windows NT 10.0; Win64; x64) AppleWebKit/537.36 (KHTML, like Gecko) Chrome/85.0.4183.121 Safari/537.36"
::1 - - [25/Sep/2020:11:36:47 +0000] "OPTIONS /users/personalProjects HTTP/1.1" 200 8 "http://localhost:3000/" "Mozilla/5.0 (Windows NT 10.0; Win64; x64) AppleWebKit/537.36 (KHTML, like Gecko) Chrome/85.0.4183.121 Safari/537.36"
::1 - - [25/Sep/2020:11:36:47 +0000] "GET /users/personalProjects HTTP/1.1" 304 - "http://localhost:3000/" "Mozilla/5.0 (Windows NT 10.0; Win64; x64) AppleWebKit/537.36 (KHTML, like Gecko) Chrome/85.0.4183.121 Safari/537.36"
::1 - - [25/Sep/2020:11:36:48 +0000] "OPTIONS /users/projectTimeline/5f6072d3b88b22001724f05e?page=1 HTTP/1.1" 200 8 "http://localhost:3000/" "Mozilla/5.0 (Windows NT 10.0; Win64; x64) AppleWebKit/537.36 (KHTML, like Gecko) Chrome/85.0.4183.121 Safari/537.36"
::1 - - [25/Sep/2020:11:36:48 +0000] "OPTIONS /users/projectTimeline/5f6072d3b88b22001724f05e?page=1 HTTP/1.1" 200 8 "http://localhost:3000/" "Mozilla/5.0 (Windows NT 10.0; Win64; x64) AppleWebKit/537.36 (KHTML, like Gecko) Chrome/85.0.4183.121 Safari/537.36"
::1 - - [25/Sep/2020:11:36:48 +0000] "GET /users/projectTimeline/5f6072d3b88b22001724f05e?page=1 HTTP/1.1" 304 - "http://localhost:3000/" "Mozilla/5.0 (Windows NT 10.0; Win64; x64) AppleWebKit/537.36 (KHTML, like Gecko) Chrome/85.0.4183.121 Safari/537.36"
::1 - - [25/Sep/2020:11:36:48 +0000] "OPTIONS /users/projectDetails/5f6072d3b88b22001724f05e HTTP/1.1" 200 8 "http://localhost:3000/" "Mozilla/5.0 (Windows NT 10.0; Win64; x64) AppleWebKit/537.36 (KHTML, like Gecko) Chrome/85.0.4183.121 Safari/537.36"
::1 - - [25/Sep/2020:11:36:49 +0000] "GET /users/projectTimeline/5f6072d3b88b22001724f05e?page=1 HTTP/1.1" 304 - "http://localhost:3000/" "Mozilla/5.0 (Windows NT 10.0; Win64; x64) AppleWebKit/537.36 (KHTML, like Gecko) Chrome/85.0.4183.121 Safari/537.36"
::1 - - [25/Sep/2020:11:36:49 +0000] "GET /users/projectDetails/5f6072d3b88b22001724f05e HTTP/1.1" 304 - "http://localhost:3000/" "Mozilla/5.0 (Windows NT 10.0; Win64; x64) AppleWebKit/537.36 (KHTML, like Gecko) Chrome/85.0.4183.121 Safari/537.36"
::1 - - [25/Sep/2020:11:37:00 +0000] "OPTIONS /users/fixBug HTTP/1.1" 200 5 "http://localhost:3000/" "Mozilla/5.0 (Windows NT 10.0; Win64; x64) AppleWebKit/537.36 (KHTML, like Gecko) Chrome/85.0.4183.121 Safari/537.36"
::1 - - [25/Sep/2020:11:37:01 +0000] "PATCH /users/fixBug HTTP/1.1" 200 50 "http://localhost:3000/" "Mozilla/5.0 (Windows NT 10.0; Win64; x64) AppleWebKit/537.36 (KHTML, like Gecko) Chrome/85.0.4183.121 Safari/537.36"
::1 - - [25/Sep/2020:11:37:01 +0000] "OPTIONS /users/projectTimeline/5f6072d3b88b22001724f05e?page=1 HTTP/1.1" 200 8 "http://localhost:3000/" "Mozilla/5.0 (Windows NT 10.0; Win64; x64) AppleWebKit/537.36 (KHTML, like Gecko) Chrome/85.0.4183.121 Safari/537.36"
::1 - - [25/Sep/2020:11:37:01 +0000] "OPTIONS /users/projectTimeline/5f6072d3b88b22001724f05e?page=1 HTTP/1.1" 200 8 "http://localhost:3000/" "Mozilla/5.0 (Windows NT 10.0; Win64; x64) AppleWebKit/537.36 (KHTML, like Gecko) Chrome/85.0.4183.121 Safari/537.36"
::1 - - [25/Sep/2020:11:37:01 +0000] "GET /users/projectTimeline/5f6072d3b88b22001724f05e?page=1 HTTP/1.1" 200 2246 "http://localhost:3000/" "Mozilla/5.0 (Windows NT 10.0; Win64; x64) AppleWebKit/537.36 (KHTML, like Gecko) Chrome/85.0.4183.121 Safari/537.36"
::1 - - [25/Sep/2020:11:37:01 +0000] "OPTIONS /users/projectDetails/5f6072d3b88b22001724f05e HTTP/1.1" 200 8 "http://localhost:3000/" "Mozilla/5.0 (Windows NT 10.0; Win64; x64) AppleWebKit/537.36 (KHTML, like Gecko) Chrome/85.0.4183.121 Safari/537.36"
::1 - - [25/Sep/2020:11:37:02 +0000] "GET /users/projectTimeline/5f6072d3b88b22001724f05e?page=1 HTTP/1.1" 304 - "http://localhost:3000/" "Mozilla/5.0 (Windows NT 10.0; Win64; x64) AppleWebKit/537.36 (KHTML, like Gecko) Chrome/85.0.4183.121 Safari/537.36"
::1 - - [25/Sep/2020:11:37:02 +0000] "GET /users/projectDetails/5f6072d3b88b22001724f05e HTTP/1.1" 200 10024 "http://localhost:3000/" "Mozilla/5.0 (Windows NT 10.0; Win64; x64) AppleWebKit/537.36 (KHTML, like Gecko) Chrome/85.0.4183.121 Safari/537.36"
::1 - - [25/Sep/2020:11:37:23 +0000] "OPTIONS /users/userTeams?forTeamSelecting=false HTTP/1.1" 200 8 "http://localhost:3000/" "Mozilla/5.0 (Windows NT 10.0; Win64; x64) AppleWebKit/537.36 (KHTML, like Gecko) Chrome/85.0.4183.121 Safari/537.36"
::1 - - [25/Sep/2020:11:37:23 +0000] "GET /users/userTeams?forTeamSelecting=false HTTP/1.1" 304 - "http://localhost:3000/" "Mozilla/5.0 (Windows NT 10.0; Win64; x64) AppleWebKit/537.36 (KHTML, like Gecko) Chrome/85.0.4183.121 Safari/537.36"
::1 - - [25/Sep/2020:11:37:25 +0000] "OPTIONS /teams/getTeam/5f6dd5cd08a1b92750179878 HTTP/1.1" 200 8 "http://localhost:3000/" "Mozilla/5.0 (Windows NT 10.0; Win64; x64) AppleWebKit/537.36 (KHTML, like Gecko) Chrome/85.0.4183.121 Safari/537.36"
::1 - - [25/Sep/2020:11:37:25 +0000] "OPTIONS /teams/teamNotifications/5f6dd5cd08a1b92750179878?page=1 HTTP/1.1" 200 8 "http://localhost:3000/" "Mozilla/5.0 (Windows NT 10.0; Win64; x64) AppleWebKit/537.36 (KHTML, like Gecko) Chrome/85.0.4183.121 Safari/537.36"
::1 - - [25/Sep/2020:11:37:25 +0000] "GET /teams/teamNotifications/5f6dd5cd08a1b92750179878?page=1 HTTP/1.1" 304 - "http://localhost:3000/" "Mozilla/5.0 (Windows NT 10.0; Win64; x64) AppleWebKit/537.36 (KHTML, like Gecko) Chrome/85.0.4183.121 Safari/537.36"
::1 - - [25/Sep/2020:11:37:25 +0000] "GET /teams/getTeam/5f6dd5cd08a1b92750179878 HTTP/1.1" 304 - "http://localhost:3000/" "Mozilla/5.0 (Windows NT 10.0; Win64; x64) AppleWebKit/537.36 (KHTML, like Gecko) Chrome/85.0.4183.121 Safari/537.36"
